TN:
SF:src/server.ts
FN:21,(anonymous_1)
FNF:1
FNH:1
FNDA:1,(anonymous_1)
DA:1,1
DA:2,1
DA:3,1
DA:4,1
DA:6,1
DA:7,1
DA:15,1
DA:16,1
DA:18,1
DA:19,1
DA:21,1
DA:22,1
DA:25,1
LF:13
LH:13
BRF:0
BRH:0
end_of_record
TN:
SF:src/routes/actions.ts
FN:19,(anonymous_1)
FN:21,(anonymous_2)
FN:35,(anonymous_3)
FN:41,(anonymous_4)
FN:55,(anonymous_5)
FNF:5
FNH:5
FNDA:2,(anonymous_1)
FNDA:4,(anonymous_2)
FNDA:2,(anonymous_3)
FNDA:1,(anonymous_4)
FNDA:1,(anonymous_5)
DA:1,1
DA:4,1
DA:7,1
DA:8,1
DA:9,1
DA:14,1
DA:16,1
DA:19,1
DA:20,2
DA:21,4
DA:22,2
DA:23,1
DA:25,1
DA:29,1
DA:30,1
DA:35,1
DA:36,2
DA:37,1
DA:39,1
DA:40,1
DA:41,1
DA:42,1
DA:43,0
DA:45,1
DA:46,1
DA:49,0
DA:55,1
DA:56,1
DA:60,1
DA:63,1
LF:30
LH:28
BRDA:22,0,0,1
BRDA:22,0,1,1
BRDA:36,1,0,1
BRDA:36,1,1,1
BRDA:40,2,0,1
BRDA:40,2,1,0
BRDA:42,3,0,0
BRDA:42,3,1,1
BRDA:42,4,0,1
BRDA:42,4,1,1
BRF:10
BRH:8
end_of_record
TN:
SF:src/routes/credits.ts
FN:13,(anonymous_1)
FN:15,(anonymous_2)
FN:28,(anonymous_3)
FN:30,(anonymous_4)
FN:31,(anonymous_5)
FN:45,(anonymous_6)
FN:46,(anonymous_7)
FN:47,(anonymous_8)
FNF:8
FNH:2
FNDA:7,(anonymous_1)
FNDA:21,(anonymous_2)
FNDA:0,(anonymous_3)
FNDA:0,(anonymous_4)
FNDA:0,(anonymous_5)
FNDA:0,(anonymous_6)
FNDA:0,(anonymous_7)
FNDA:0,(anonymous_8)
DA:1,1
DA:5,1
DA:6,1
DA:7,1
DA:13,1
DA:14,7
DA:15,7
DA:16,21
DA:17,21
DA:19,21
DA:28,1
DA:29,0
DA:30,0
DA:31,0
DA:32,0
DA:33,0
DA:35,0
DA:36,0
DA:37,0
DA:38,0
DA:39,0
DA:45,1
DA:46,0
DA:47,0
DA:48,0
DA:49,0
DA:51,0
DA:53,0
DA:56,1
LF:29
LH:13
BRDA:17,0,0,0
BRDA:17,0,1,21
BRDA:32,1,0,0
BRDA:35,2,0,0
BRDA:37,3,0,0
BRDA:37,3,1,0
BRDA:48,4,0,0
BRF:7
BRH:1
end_of_record
