<?xml version="1.0" encoding="UTF-8"?>
<coverage generated="1699002909072" clover="3.2.0">
  <project timestamp="1699002909073" name="All files">
    <metrics statements="62" coveredstatements="55" conditionals="3" coveredconditionals="1" methods="20" coveredmethods="19" elements="85" coveredelements="75" complexity="0" loc="62" ncloc="62" packages="1" files="4" classes="4"/>
    <file name="AddAction.tsx" path="/Users/kirian/Dev/FIFO-Queue-App/Client/src/components/AddAction.tsx">
      <metrics statements="13" coveredstatements="12" conditionals="0" coveredconditionals="0" methods="4" coveredmethods="4"/>
      <line num="1" count="2" type="stmt"/>
      <line num="7" count="2" type="stmt"/>
      <line num="8" count="17" type="stmt"/>
      <line num="10" count="17" type="stmt"/>
      <line num="11" count="3" type="stmt"/>
      <line num="12" count="3" type="stmt"/>
      <line num="13" count="3" type="stmt"/>
      <line num="14" count="3" type="stmt"/>
      <line num="15" count="3" type="stmt"/>
      <line num="17" count="0" type="stmt"/>
      <line num="21" count="17" type="stmt"/>
      <line num="28" count="4" type="stmt"/>
      <line num="35" count="2" type="stmt"/>
    </file>
    <file name="App.tsx" path="/Users/kirian/Dev/FIFO-Queue-App/Client/src/components/App.tsx">
      <metrics statements="39" coveredstatements="33" conditionals="3" coveredconditionals="1" methods="12" coveredmethods="11"/>
      <line num="1" count="1" type="stmt"/>
      <line num="2" count="1" type="stmt"/>
      <line num="3" count="1" type="stmt"/>
      <line num="4" count="1" type="stmt"/>
      <line num="5" count="1" type="stmt"/>
      <line num="17" count="1" type="stmt"/>
      <line num="18" count="7" type="stmt"/>
      <line num="19" count="7" type="stmt"/>
      <line num="21" count="7" type="stmt"/>
      <line num="22" count="5" type="stmt"/>
      <line num="23" count="5" type="stmt"/>
      <line num="24" count="5" type="stmt"/>
      <line num="25" count="5" type="cond" truecount="1" falsecount="1"/>
      <line num="26" count="5" type="stmt"/>
      <line num="27" count="5" type="stmt"/>
      <line num="29" count="5" type="stmt"/>
      <line num="31" count="0" type="stmt"/>
      <line num="34" count="0" type="stmt"/>
      <line num="38" count="7" type="stmt"/>
      <line num="39" count="3" type="stmt"/>
      <line num="40" count="3" type="stmt"/>
      <line num="41" count="3" type="stmt"/>
      <line num="44" count="7" type="stmt"/>
      <line num="45" count="1" type="stmt"/>
      <line num="46" count="1" type="stmt"/>
      <line num="47" count="1" type="stmt"/>
      <line num="49" count="0" type="stmt"/>
      <line num="53" count="7" type="stmt"/>
      <line num="54" count="1" type="stmt"/>
      <line num="55" count="1" type="stmt"/>
      <line num="56" count="1" type="stmt"/>
      <line num="58" count="0" type="stmt"/>
      <line num="62" count="7" type="stmt"/>
      <line num="63" count="6" type="stmt"/>
      <line num="64" count="0" type="cond" truecount="0" falsecount="1"/>
      <line num="65" count="0" type="stmt"/>
      <line num="68" count="6" type="stmt"/>
      <line num="71" count="7" type="stmt"/>
      <line num="82" count="1" type="stmt"/>
    </file>
    <file name="Credits.tsx" path="/Users/kirian/Dev/FIFO-Queue-App/Client/src/components/Credits.tsx">
      <metrics statements="5" coveredstatements="5" conditionals="0" coveredconditionals="0" methods="2" coveredmethods="2"/>
      <line num="1" count="2" type="stmt"/>
      <line num="13" count="2" type="stmt"/>
      <line num="14" count="7" type="stmt"/>
      <line num="19" count="9" type="stmt"/>
      <line num="28" count="2" type="stmt"/>
    </file>
    <file name="Queue.tsx" path="/Users/kirian/Dev/FIFO-Queue-App/Client/src/components/Queue.tsx">
      <metrics statements="5" coveredstatements="5" conditionals="0" coveredconditionals="0" methods="2" coveredmethods="2"/>
      <line num="1" count="2" type="stmt"/>
      <line num="13" count="2" type="stmt"/>
      <line num="14" count="8" type="stmt"/>
      <line num="19" count="10" type="stmt"/>
      <line num="27" count="2" type="stmt"/>
    </file>
  </project>
</coverage>
