{"/Users/kirian/Dev/FIFO-Queue-App/Client/src/components/AddAction.tsx": {"path":"/Users/kirian/Dev/FIFO-Queue-App/Client/src/components/AddAction.tsx","statementMap":{"0":{"start":{"line":1,"column":0},"end":{"line":1,"column":40}},"1":{"start":{"line":7,"column":44},"end":{"line":33,"column":1}},"2":{"start":{"line":8,"column":38},"end":{"line":8,"column":58}},"3":{"start":{"line":10,"column":26},"end":{"line":19,"column":4}},"4":{"start":{"line":10,"column":37},"end":{"line":19,"column":4}},"5":{"start":{"line":11,"column":4},"end":{"line":18,"column":null}},"6":{"start":{"line":12,"column":6},"end":{"line":12,"column":50}},"7":{"start":{"line":13,"column":6},"end":{"line":13,"column":35}},"8":{"start":{"line":14,"column":6},"end":{"line":14,"column":24}},"9":{"start":{"line":15,"column":6},"end":{"line":15,"column":49}},"10":{"start":{"line":17,"column":6},"end":{"line":17,"column":64}},"11":{"start":{"line":21,"column":2},"end":{"line":32,"column":4}},"12":{"start":{"line":28,"column":25},"end":{"line":28,"column":54}},"13":{"start":{"line":35,"column":0},"end":{"line":35,"column":25}}},"fnMap":{"0":{"name":"(anonymous_13)","decl":{"start":{"line":7,"column":44},"end":{"line":7,"column":45}},"loc":{"start":{"line":7,"column":69},"end":{"line":33,"column":1}}},"1":{"name":"(anonymous_14)","decl":{"start":{"line":10,"column":26},"end":{"line":10,"column":35}},"loc":{"start":{"line":10,"column":37},"end":{"line":19,"column":4}}},"2":{"name":"(anonymous_15)","decl":{"start":{"line":10,"column":37},"end":{"line":10,"column":null}},"loc":{"start":{"line":10,"column":37},"end":{"line":19,"column":3}}},"3":{"name":"(anonymous_16)","decl":{"start":{"line":28,"column":18},"end":{"line":28,"column":19}},"loc":{"start":{"line":28,"column":25},"end":{"line":28,"column":54}}}},"branchMap":{},"s":{"0":2,"1":2,"2":17,"3":17,"4":3,"5":3,"6":3,"7":3,"8":3,"9":3,"10":0,"11":17,"12":4,"13":2},"f":{"0":17,"1":3,"2":3,"3":4},"b":{}}
,"/Users/kirian/Dev/FIFO-Queue-App/Client/src/components/App.tsx": {"path":"/Users/kirian/Dev/FIFO-Queue-App/Client/src/components/App.tsx","statementMap":{"0":{"start":{"line":1,"column":0},"end":{"line":1,"column":51}},"1":{"start":{"line":2,"column":0},"end":{"line":2,"column":36}},"2":{"start":{"line":3,"column":0},"end":{"line":3,"column":28}},"3":{"start":{"line":4,"column":0},"end":{"line":4,"column":32}},"4":{"start":{"line":5,"column":0},"end":{"line":5,"column":36}},"5":{"start":{"line":17,"column":22},"end":{"line":80,"column":1}},"6":{"start":{"line":18,"column":28},"end":{"line":18,"column":50}},"7":{"start":{"line":19,"column":32},"end":{"line":19,"column":54}},"8":{"start":{"line":21,"column":27},"end":{"line":36,"column":4}},"9":{"start":{"line":21,"column":38},"end":{"line":36,"column":4}},"10":{"start":{"line":22,"column":4},"end":{"line":35,"column":null}},"11":{"start":{"line":23,"column":6},"end":{"line":23,"column":46}},"12":{"start":{"line":24,"column":23},"end":{"line":24,"column":62}},"13":{"start":{"line":25,"column":6},"end":{"line":32,"column":null}},"14":{"start":{"line":26,"column":8},"end":{"line":26,"column":38}},"15":{"start":{"line":27,"column":8},"end":{"line":27,"column":42}},"16":{"start":{"line":29,"column":8},"end":{"line":29,"column":51}},"17":{"start":{"line":31,"column":8},"end":{"line":31,"column":61}},"18":{"start":{"line":34,"column":6},"end":{"line":34,"column":59}},"19":{"start":{"line":38,"column":2},"end":{"line":42,"column":9}},"20":{"start":{"line":39,"column":4},"end":{"line":39,"column":23}},"21":{"start":{"line":40,"column":21},"end":{"line":40,"column":58}},"22":{"start":{"line":41,"column":4},"end":{"line":41,"column":41}},"23":{"start":{"line":41,"column":17},"end":{"line":41,"column":40}},"24":{"start":{"line":44,"column":24},"end":{"line":51,"column":4}},"25":{"start":{"line":44,"column":35},"end":{"line":51,"column":4}},"26":{"start":{"line":45,"column":4},"end":{"line":50,"column":null}},"27":{"start":{"line":46,"column":6},"end":{"line":46,"column":49}},"28":{"start":{"line":47,"column":6},"end":{"line":47,"column":25}},"29":{"start":{"line":49,"column":6},"end":{"line":49,"column":54}},"30":{"start":{"line":53,"column":27},"end":{"line":60,"column":4}},"31":{"start":{"line":53,"column":56},"end":{"line":60,"column":4}},"32":{"start":{"line":54,"column":4},"end":{"line":59,"column":null}},"33":{"start":{"line":55,"column":6},"end":{"line":55,"column":67}},"34":{"start":{"line":56,"column":6},"end":{"line":56,"column":25}},"35":{"start":{"line":58,"column":6},"end":{"line":58,"column":64}},"36":{"start":{"line":62,"column":2},"end":{"line":69,"column":14}},"37":{"start":{"line":63,"column":24},"end":{"line":67,"column":14}},"38":{"start":{"line":64,"column":6},"end":{"line":66,"column":null}},"39":{"start":{"line":65,"column":8},"end":{"line":65,"column":24}},"40":{"start":{"line":68,"column":4},"end":{"line":68,"column":44}},"41":{"start":{"line":68,"column":17},"end":{"line":68,"column":43}},"42":{"start":{"line":71,"column":2},"end":{"line":79,"column":4}},"43":{"start":{"line":82,"column":0},"end":{"line":82,"column":19}}},"fnMap":{"0":{"name":"(anonymous_14)","decl":{"start":{"line":17,"column":22},"end":{"line":17,"column":25}},"loc":{"start":{"line":17,"column":27},"end":{"line":80,"column":1}}},"1":{"name":"(anonymous_15)","decl":{"start":{"line":21,"column":27},"end":{"line":21,"column":36}},"loc":{"start":{"line":21,"column":38},"end":{"line":36,"column":4}}},"2":{"name":"(anonymous_16)","decl":{"start":{"line":21,"column":38},"end":{"line":21,"column":null}},"loc":{"start":{"line":21,"column":38},"end":{"line":36,"column":3}}},"3":{"name":"(anonymous_17)","decl":{"start":{"line":38,"column":12},"end":{"line":38,"column":15}},"loc":{"start":{"line":38,"column":17},"end":{"line":42,"column":3}}},"4":{"name":"(anonymous_18)","decl":{"start":{"line":41,"column":11},"end":{"line":41,"column":14}},"loc":{"start":{"line":41,"column":17},"end":{"line":41,"column":40}}},"5":{"name":"(anonymous_19)","decl":{"start":{"line":44,"column":24},"end":{"line":44,"column":33}},"loc":{"start":{"line":44,"column":35},"end":{"line":51,"column":4}}},"6":{"name":"(anonymous_20)","decl":{"start":{"line":44,"column":35},"end":{"line":44,"column":null}},"loc":{"start":{"line":44,"column":35},"end":{"line":51,"column":3}}},"7":{"name":"(anonymous_21)","decl":{"start":{"line":53,"column":27},"end":{"line":53,"column":34}},"loc":{"start":{"line":53,"column":56},"end":{"line":60,"column":4}}},"8":{"name":"(anonymous_22)","decl":{"start":{"line":53,"column":56},"end":{"line":53,"column":null}},"loc":{"start":{"line":53,"column":56},"end":{"line":60,"column":3}}},"9":{"name":"(anonymous_23)","decl":{"start":{"line":62,"column":12},"end":{"line":62,"column":15}},"loc":{"start":{"line":62,"column":17},"end":{"line":69,"column":3}}},"10":{"name":"(anonymous_24)","decl":{"start":{"line":63,"column":36},"end":{"line":63,"column":39}},"loc":{"start":{"line":63,"column":41},"end":{"line":67,"column":5}}},"11":{"name":"(anonymous_25)","decl":{"start":{"line":68,"column":11},"end":{"line":68,"column":14}},"loc":{"start":{"line":68,"column":17},"end":{"line":68,"column":43}}}},"branchMap":{"0":{"loc":{"start":{"line":25,"column":6},"end":{"line":32,"column":null}},"type":"if","locations":[{"start":{"line":25,"column":6},"end":{"line":32,"column":null}},{"start":{"line":30,"column":13},"end":{"line":32,"column":null}}]},"1":{"loc":{"start":{"line":64,"column":6},"end":{"line":66,"column":null}},"type":"if","locations":[{"start":{"line":64,"column":6},"end":{"line":66,"column":null}}]}},"s":{"0":1,"1":1,"2":1,"3":1,"4":1,"5":1,"6":7,"7":7,"8":7,"9":5,"10":5,"11":5,"12":5,"13":5,"14":5,"15":5,"16":5,"17":0,"18":0,"19":7,"20":3,"21":3,"22":3,"23":3,"24":7,"25":1,"26":1,"27":1,"28":1,"29":0,"30":7,"31":1,"32":1,"33":1,"34":1,"35":0,"36":7,"37":6,"38":0,"39":0,"40":6,"41":6,"42":7,"43":1},"f":{"0":7,"1":5,"2":5,"3":3,"4":3,"5":1,"6":1,"7":1,"8":1,"9":6,"10":0,"11":6},"b":{"0":[5,0],"1":[0]}}
,"/Users/kirian/Dev/FIFO-Queue-App/Client/src/components/Credits.tsx": {"path":"/Users/kirian/Dev/FIFO-Queue-App/Client/src/components/Credits.tsx","statementMap":{"0":{"start":{"line":1,"column":0},"end":{"line":1,"column":26}},"1":{"start":{"line":13,"column":40},"end":{"line":26,"column":1}},"2":{"start":{"line":14,"column":2},"end":{"line":25,"column":4}},"3":{"start":{"line":19,"column":10},"end":{"line":20,"column":null}},"4":{"start":{"line":28,"column":0},"end":{"line":28,"column":23}}},"fnMap":{"0":{"name":"(anonymous_1)","decl":{"start":{"line":13,"column":40},"end":{"line":13,"column":41}},"loc":{"start":{"line":13,"column":56},"end":{"line":26,"column":1}}},"1":{"name":"(anonymous_2)","decl":{"start":{"line":18,"column":21},"end":{"line":18,"column":22}},"loc":{"start":{"line":19,"column":10},"end":{"line":20,"column":null}}}},"branchMap":{},"s":{"0":2,"1":2,"2":7,"3":9,"4":2},"f":{"0":7,"1":9},"b":{}}
,"/Users/kirian/Dev/FIFO-Queue-App/Client/src/components/Queue.tsx": {"path":"/Users/kirian/Dev/FIFO-Queue-App/Client/src/components/Queue.tsx","statementMap":{"0":{"start":{"line":1,"column":0},"end":{"line":1,"column":26}},"1":{"start":{"line":13,"column":36},"end":{"line":25,"column":1}},"2":{"start":{"line":14,"column":2},"end":{"line":24,"column":4}},"3":{"start":{"line":19,"column":10},"end":{"line":19,"column":44}},"4":{"start":{"line":27,"column":0},"end":{"line":27,"column":21}}},"fnMap":{"0":{"name":"(anonymous_1)","decl":{"start":{"line":13,"column":36},"end":{"line":13,"column":37}},"loc":{"start":{"line":13,"column":65},"end":{"line":25,"column":1}}},"1":{"name":"(anonymous_2)","decl":{"start":{"line":18,"column":19},"end":{"line":18,"column":20}},"loc":{"start":{"line":19,"column":10},"end":{"line":19,"column":44}}}},"branchMap":{},"s":{"0":2,"1":2,"2":8,"3":10,"4":2},"f":{"0":8,"1":10},"b":{}}
}
