TN:
SF:src/components/AddAction.tsx
FN:7,(anonymous_13)
FN:10,(anonymous_14)
FN:10,(anonymous_15)
FN:28,(anonymous_16)
FNF:4
FNH:4
FNDA:17,(anonymous_13)
FNDA:3,(anonymous_14)
FNDA:3,(anonymous_15)
FNDA:4,(anonymous_16)
DA:1,2
DA:7,2
DA:8,17
DA:10,17
DA:11,3
DA:12,3
DA:13,3
DA:14,3
DA:15,3
DA:17,0
DA:21,17
DA:28,4
DA:35,2
LF:13
LH:12
BRF:0
BRH:0
end_of_record
TN:
SF:src/components/App.tsx
FN:17,(anonymous_14)
FN:21,(anonymous_15)
FN:21,(anonymous_16)
FN:38,(anonymous_17)
FN:41,(anonymous_18)
FN:44,(anonymous_19)
FN:44,(anonymous_20)
FN:53,(anonymous_21)
FN:53,(anonymous_22)
FN:62,(anonymous_23)
FN:63,(anonymous_24)
FN:68,(anonymous_25)
FNF:12
FNH:11
FNDA:7,(anonymous_14)
FNDA:5,(anonymous_15)
FNDA:5,(anonymous_16)
FNDA:3,(anonymous_17)
FNDA:3,(anonymous_18)
FNDA:1,(anonymous_19)
FNDA:1,(anonymous_20)
FNDA:1,(anonymous_21)
FNDA:1,(anonymous_22)
FNDA:6,(anonymous_23)
FNDA:0,(anonymous_24)
FNDA:6,(anonymous_25)
DA:1,1
DA:2,1
DA:3,1
DA:4,1
DA:5,1
DA:17,1
DA:18,7
DA:19,7
DA:21,7
DA:22,5
DA:23,5
DA:24,5
DA:25,5
DA:26,5
DA:27,5
DA:29,5
DA:31,0
DA:34,0
DA:38,7
DA:39,3
DA:40,3
DA:41,3
DA:44,7
DA:45,1
DA:46,1
DA:47,1
DA:49,0
DA:53,7
DA:54,1
DA:55,1
DA:56,1
DA:58,0
DA:62,7
DA:63,6
DA:64,0
DA:65,0
DA:68,6
DA:71,7
DA:82,1
LF:39
LH:33
BRDA:25,0,0,5
BRDA:25,0,1,0
BRDA:64,1,0,0
BRF:3
BRH:1
end_of_record
TN:
SF:src/components/Credits.tsx
FN:13,(anonymous_1)
FN:18,(anonymous_2)
FNF:2
FNH:2
FNDA:7,(anonymous_1)
FNDA:9,(anonymous_2)
DA:1,2
DA:13,2
DA:14,7
DA:19,9
DA:28,2
LF:5
LH:5
BRF:0
BRH:0
end_of_record
TN:
SF:src/components/Queue.tsx
FN:13,(anonymous_1)
FN:18,(anonymous_2)
FNF:2
FNH:2
FNDA:8,(anonymous_1)
FNDA:10,(anonymous_2)
DA:1,2
DA:13,2
DA:14,8
DA:19,10
DA:27,2
LF:5
LH:5
BRF:0
BRH:0
end_of_record
